2026-04-10T20:02:37+00:00 INFO Webhook event: cartflows_step_visited - Step 15 (Type: checkout)
2026-04-10T20:02:37+00:00 INFO Webhook dispatch: No webhooks found for event cartflows_step_visited
2026-04-10T20:02:43+00:00 INFO Webhook event: checkout_initiated - Step 15
2026-04-10T20:02:43+00:00 INFO Webhook dispatch: No webhooks found for event checkout_initiated
2026-04-10T20:02:47+00:00 INFO Webhook event: checkout_initiated - Step 15
2026-04-10T20:02:47+00:00 INFO Webhook dispatch: No webhooks found for event checkout_initiated
2026-04-10T20:02:51+00:00 INFO Webhook event: checkout_initiated - Step 15
2026-04-10T20:02:51+00:00 INFO Webhook dispatch: No webhooks found for event checkout_initiated
2026-04-10T20:03:03+00:00 INFO Webhook event: order_created - Order 7620 Flow 14
2026-04-10T20:03:03+00:00 INFO Webhook dispatch: No webhooks found for event order_created
2026-04-10T20:03:03+00:00 INFO Start-Cartflows_Frontend::redirect_to_thankyou_page
2026-04-10T20:03:03+00:00 INFO Only for thank you page
2026-04-10T20:03:03+00:00 INFO Checkout ID : 15
2026-04-10T20:03:03+00:00 INFO End-Cartflows_Frontend::redirect_to_thankyou_page
2026-04-10T20:03:07+00:00 INFO Webhook event: checkout_initiated - Step 15
2026-04-10T20:03:07+00:00 INFO Webhook dispatch: No webhooks found for event checkout_initiated
2026-04-10T20:03:14+00:00 INFO Webhook event: checkout_initiated - Step 15
2026-04-10T20:03:14+00:00 INFO Webhook dispatch: No webhooks found for event checkout_initiated
2026-04-10T20:03:34+00:00 INFO Webhook event: checkout_initiated - Step 15
2026-04-10T20:03:34+00:00 INFO Webhook dispatch: No webhooks found for event checkout_initiated
2026-04-10T20:03:55+00:00 INFO Webhook event: order_created - Order 7620 Flow 14
2026-04-10T20:03:55+00:00 INFO Webhook dispatch: No webhooks found for event order_created
2026-04-10T20:03:55+00:00 INFO Start-Cartflows_Frontend::redirect_to_thankyou_page
2026-04-10T20:03:55+00:00 INFO Only for thank you page
2026-04-10T20:03:55+00:00 INFO Checkout ID : 15
2026-04-10T20:03:55+00:00 INFO End-Cartflows_Frontend::redirect_to_thankyou_page
2026-04-10T20:03:55+00:00 INFO Start-Cartflows_Frontend::redirect_to_thankyou_page
2026-04-10T20:03:55+00:00 INFO Only for thank you page
2026-04-10T20:03:55+00:00 INFO Checkout ID : 15
2026-04-10T20:03:55+00:00 INFO End-Cartflows_Frontend::redirect_to_thankyou_page
2026-04-10T20:04:21+00:00 INFO Webhook event: cartflows_step_visited - Step 15 (Type: checkout)
2026-04-10T20:04:21+00:00 INFO Webhook dispatch: No webhooks found for event cartflows_step_visited
2026-04-10T20:04:26+00:00 INFO Webhook event: checkout_initiated - Step 15
2026-04-10T20:04:26+00:00 INFO Webhook dispatch: No webhooks found for event checkout_initiated
