2026-04-09T21:57:33+00:00 INFO Webhook event: cartflows_step_visited - Step 15 (Type: checkout)
2026-04-09T21:57:33+00:00 INFO Webhook dispatch: No webhooks found for event cartflows_step_visited
2026-04-09T21:57:48+00:00 INFO Webhook event: checkout_initiated - Step 15
2026-04-09T21:57:48+00:00 INFO Webhook dispatch: No webhooks found for event checkout_initiated
2026-04-09T21:57:54+00:00 INFO Webhook event: checkout_initiated - Step 15
2026-04-09T21:57:54+00:00 INFO Webhook dispatch: No webhooks found for event checkout_initiated
2026-04-09T21:58:12+00:00 INFO Webhook event: checkout_initiated - Step 15
2026-04-09T21:58:12+00:00 INFO Webhook dispatch: No webhooks found for event checkout_initiated
2026-04-09T21:58:29+00:00 INFO Webhook event: checkout_initiated - Step 15
2026-04-09T21:58:29+00:00 INFO Webhook dispatch: No webhooks found for event checkout_initiated
2026-04-09T21:58:35+00:00 INFO Webhook event: checkout_initiated - Step 15
2026-04-09T21:58:35+00:00 INFO Webhook dispatch: No webhooks found for event checkout_initiated
2026-04-09T21:58:54+00:00 INFO Webhook event: order_created - Order 7617 Flow 14
2026-04-09T21:58:54+00:00 INFO Webhook dispatch: No webhooks found for event order_created
2026-04-09T21:58:54+00:00 INFO Start-Cartflows_Frontend::redirect_to_thankyou_page
2026-04-09T21:58:54+00:00 INFO Only for thank you page
2026-04-09T21:58:54+00:00 INFO Checkout ID : 15
2026-04-09T21:58:54+00:00 INFO End-Cartflows_Frontend::redirect_to_thankyou_page
2026-04-09T21:59:03+00:00 INFO Webhook event: checkout_initiated - Step 15
2026-04-09T21:59:03+00:00 INFO Webhook dispatch: No webhooks found for event checkout_initiated
2026-04-09T21:59:16+00:00 INFO Webhook event: checkout_initiated - Step 15
2026-04-09T21:59:16+00:00 INFO Webhook dispatch: No webhooks found for event checkout_initiated
2026-04-09T21:59:23+00:00 INFO Webhook event: order_created - Order 7617 Flow 14
2026-04-09T21:59:23+00:00 INFO Webhook dispatch: No webhooks found for event order_created
2026-04-09T21:59:23+00:00 INFO Start-Cartflows_Frontend::redirect_to_thankyou_page
2026-04-09T21:59:23+00:00 INFO Only for thank you page
2026-04-09T21:59:23+00:00 INFO Checkout ID : 15
2026-04-09T21:59:23+00:00 INFO End-Cartflows_Frontend::redirect_to_thankyou_page
2026-04-09T21:59:23+00:00 INFO Start-Cartflows_Frontend::redirect_to_thankyou_page
2026-04-09T21:59:23+00:00 INFO Only for thank you page
2026-04-09T21:59:23+00:00 INFO Checkout ID : 15
2026-04-09T21:59:23+00:00 INFO End-Cartflows_Frontend::redirect_to_thankyou_page
2026-04-09T22:01:38+00:00 INFO Webhook event: cartflows_step_visited - Step 15 (Type: checkout)
2026-04-09T22:01:38+00:00 INFO Webhook dispatch: No webhooks found for event cartflows_step_visited
2026-04-09T22:01:54+00:00 INFO Webhook event: checkout_initiated - Step 15
2026-04-09T22:01:54+00:00 INFO Webhook dispatch: No webhooks found for event checkout_initiated
2026-04-09T22:02:34+00:00 INFO Webhook event: checkout_initiated - Step 15
2026-04-09T22:02:34+00:00 INFO Webhook dispatch: No webhooks found for event checkout_initiated
2026-04-09T22:02:41+00:00 INFO Webhook event: checkout_initiated - Step 15
2026-04-09T22:02:41+00:00 INFO Webhook dispatch: No webhooks found for event checkout_initiated
2026-04-09T22:02:55+00:00 INFO Webhook event: order_created - Order 7618 Flow 14
2026-04-09T22:02:55+00:00 INFO Webhook dispatch: No webhooks found for event order_created
2026-04-09T22:02:55+00:00 INFO Start-Cartflows_Frontend::redirect_to_thankyou_page
2026-04-09T22:02:55+00:00 INFO Only for thank you page
2026-04-09T22:02:55+00:00 INFO Checkout ID : 15
2026-04-09T22:02:55+00:00 INFO End-Cartflows_Frontend::redirect_to_thankyou_page
2026-04-09T22:03:04+00:00 INFO Webhook event: checkout_initiated - Step 15
2026-04-09T22:03:04+00:00 INFO Webhook dispatch: No webhooks found for event checkout_initiated
2026-04-09T22:03:46+00:00 INFO Webhook event: checkout_initiated - Step 15
2026-04-09T22:03:46+00:00 INFO Webhook dispatch: No webhooks found for event checkout_initiated
2026-04-09T22:04:01+00:00 INFO Webhook event: checkout_initiated - Step 15
2026-04-09T22:04:01+00:00 INFO Webhook dispatch: No webhooks found for event checkout_initiated
2026-04-09T22:04:11+00:00 INFO Webhook event: cartflows_step_visited - Step 15 (Type: checkout)
2026-04-09T22:04:11+00:00 INFO Webhook dispatch: No webhooks found for event cartflows_step_visited
2026-04-09T22:04:23+00:00 INFO Webhook event: checkout_initiated - Step 15
2026-04-09T22:04:23+00:00 INFO Webhook dispatch: No webhooks found for event checkout_initiated
2026-04-09T22:04:30+00:00 INFO Webhook event: checkout_initiated - Step 15
2026-04-09T22:04:30+00:00 INFO Webhook dispatch: No webhooks found for event checkout_initiated
2026-04-09T22:04:41+00:00 INFO Webhook event: order_created - Order 7618 Flow 14
2026-04-09T22:04:41+00:00 INFO Webhook dispatch: No webhooks found for event order_created
2026-04-09T22:04:41+00:00 INFO Start-Cartflows_Frontend::redirect_to_thankyou_page
2026-04-09T22:04:41+00:00 INFO Only for thank you page
2026-04-09T22:04:41+00:00 INFO Checkout ID : 15
2026-04-09T22:04:41+00:00 INFO End-Cartflows_Frontend::redirect_to_thankyou_page
2026-04-09T22:04:50+00:00 INFO Webhook event: checkout_initiated - Step 15
2026-04-09T22:04:50+00:00 INFO Webhook dispatch: No webhooks found for event checkout_initiated
2026-04-09T22:06:56+00:00 INFO Webhook event: cartflows_step_visited - Step 15 (Type: checkout)
2026-04-09T22:06:56+00:00 INFO Webhook dispatch: No webhooks found for event cartflows_step_visited
2026-04-09T22:07:08+00:00 INFO Webhook event: checkout_initiated - Step 15
2026-04-09T22:07:08+00:00 INFO Webhook dispatch: No webhooks found for event checkout_initiated
2026-04-09T22:07:15+00:00 INFO Webhook event: checkout_initiated - Step 15
2026-04-09T22:07:15+00:00 INFO Webhook dispatch: No webhooks found for event checkout_initiated
2026-04-09T22:07:32+00:00 INFO Webhook event: order_created - Order 7619 Flow 14
2026-04-09T22:07:32+00:00 INFO Webhook dispatch: No webhooks found for event order_created
2026-04-09T22:07:32+00:00 INFO Start-Cartflows_Frontend::redirect_to_thankyou_page
2026-04-09T22:07:32+00:00 INFO Only for thank you page
2026-04-09T22:07:32+00:00 INFO Checkout ID : 15
2026-04-09T22:07:32+00:00 INFO End-Cartflows_Frontend::redirect_to_thankyou_page
2026-04-09T22:07:39+00:00 INFO Webhook event: checkout_initiated - Step 15
2026-04-09T22:07:39+00:00 INFO Webhook dispatch: No webhooks found for event checkout_initiated
2026-04-09T22:08:02+00:00 INFO Webhook event: checkout_initiated - Step 15
2026-04-09T22:08:02+00:00 INFO Webhook dispatch: No webhooks found for event checkout_initiated
2026-04-09T22:08:14+00:00 INFO Webhook event: checkout_initiated - Step 15
2026-04-09T22:08:14+00:00 INFO Webhook dispatch: No webhooks found for event checkout_initiated
2026-04-09T22:08:49+00:00 INFO Webhook event: checkout_initiated - Step 15
2026-04-09T22:08:49+00:00 INFO Webhook dispatch: No webhooks found for event checkout_initiated
